[32m[INFO] 2025-07-05 21:41:56.100 main.cpp:48 main: [0mChatroomServer starting...
[32m[INFO] 2025-07-05 21:41:56.108 chatroom_server_epoll.cpp:112 ChatroomServerEpoll: [0mChatroom server initialized on port 8080
[32m[INFO] 2025-07-05 21:41:56.109 main.cpp:67 main: [0mServer listening on port 8080
[32m[INFO] 2025-07-05 21:41:58.753 chatroom_server_epoll.cpp:154 handleNewConnection: [0mNew client connected: 127.0.0.1:51554
[32m[INFO] 2025-07-05 21:41:59.888 chatroom_server_epoll.cpp:216 handleClientEvent: [0mReceived request: GET /
[32m[INFO] 2025-07-05 21:41:59.889 chatroom_server_epoll.cpp:181 handleStaticFile: [0mServing static file: /login.html
[32m[INFO] 2025-07-05 21:41:59.890 chatroom_server_epoll.cpp:245 handleClientEvent: [0mSent response: text/html
[32m[INFO] 2025-07-05 21:41:59.890 chatroom_server_epoll.cpp:250 handleClientEvent: [0mClient disconnected: 7
[32m[INFO] 2025-07-05 21:42:04.009 chatroom_server_epoll.cpp:154 handleNewConnection: [0mNew client connected: 127.0.0.1:40316
[32m[INFO] 2025-07-05 21:42:04.009 chatroom_server_epoll.cpp:216 handleClientEvent: [0mReceived request: POST /login
[32m[INFO] 2025-07-05 21:42:04.017 chatroom_server_epoll.cpp:297 operator(): [0mUser logged in: haha
[32m[INFO] 2025-07-05 21:42:04.017 chatroom_server_epoll.cpp:245 handleClientEvent: [0mSent response: application/json
[32m[INFO] 2025-07-05 21:42:04.017 chatroom_server_epoll.cpp:250 handleClientEvent: [0mClient disconnected: 7
[32m[INFO] 2025-07-05 21:42:04.031 chatroom_server_epoll.cpp:154 handleNewConnection: [0mNew client connected: 127.0.0.1:40332
[32m[INFO] 2025-07-05 21:42:04.031 chatroom_server_epoll.cpp:216 handleClientEvent: [0mReceived request: GET /chat.html
[32m[INFO] 2025-07-05 21:42:04.032 chatroom_server_epoll.cpp:181 handleStaticFile: [0mServing static file: /chat.html
[32m[INFO] 2025-07-05 21:42:04.033 chatroom_server_epoll.cpp:245 handleClientEvent: [0mSent response: text/html
[32m[INFO] 2025-07-05 21:42:04.033 chatroom_server_epoll.cpp:250 handleClientEvent: [0mClient disconnected: 7
[32m[INFO] 2025-07-05 21:42:04.108 chatroom_server_epoll.cpp:154 handleNewConnection: [0mNew client connected: 127.0.0.1:40340
[32m[INFO] 2025-07-05 21:42:04.108 chatroom_server_epoll.cpp:216 handleClientEvent: [0mReceived request: GET /rooms
[32m[INFO] 2025-07-05 21:42:04.108 chatroom_server_epoll.cpp:365 operator(): [0mRoom list retrieved
[32m[INFO] 2025-07-05 21:42:04.109 chatroom_server_epoll.cpp:245 handleClientEvent: [0mSent response: application/json
[32m[INFO] 2025-07-05 21:42:04.109 chatroom_server_epoll.cpp:250 handleClientEvent: [0mClient disconnected: 7
[32m[INFO] 2025-07-05 21:42:04.109 chatroom_server_epoll.cpp:154 handleNewConnection: [0mNew client connected: 127.0.0.1:40348
[32m[INFO] 2025-07-05 21:42:04.109 chatroom_server_epoll.cpp:216 handleClientEvent: [0mReceived request: GET /users
[32m[INFO] 2025-07-05 21:42:04.109 chatroom_server_epoll.cpp:436 operator(): [0mUser list retrieved
[32m[INFO] 2025-07-05 21:42:04.110 chatroom_server_epoll.cpp:245 handleClientEvent: [0mSent response: application/json
[32m[INFO] 2025-07-05 21:42:04.110 chatroom_server_epoll.cpp:250 handleClientEvent: [0mClient disconnected: 7
[32m[INFO] 2025-07-05 21:42:08.592 chatroom_server_epoll.cpp:154 handleNewConnection: [0mNew client connected: 127.0.0.1:40360
[32m[INFO] 2025-07-05 21:42:08.593 chatroom_server_epoll.cpp:216 handleClientEvent: [0mReceived request: POST /join_room
[32m[INFO] 2025-07-05 21:42:08.593 chatroom_server_epoll.cpp:343 operator(): [0mUser joined room: haha -> 123
[32m[INFO] 2025-07-05 21:42:08.594 chatroom_server_epoll.cpp:245 handleClientEvent: [0mSent response: application/json
[32m[INFO] 2025-07-05 21:42:08.594 chatroom_server_epoll.cpp:250 handleClientEvent: [0mClient disconnected: 7
[32m[INFO] 2025-07-05 21:42:08.614 chatroom_server_epoll.cpp:154 handleNewConnection: [0mNew client connected: 127.0.0.1:40364
[32m[INFO] 2025-07-05 21:42:08.614 chatroom_server_epoll.cpp:216 handleClientEvent: [0mReceived request: POST /messages
[32m[INFO] 2025-07-05 21:42:08.621 chatroom_server_epoll.cpp:419 operator(): [0mRetrieved messages for room: 123
[32m[INFO] 2025-07-05 21:42:08.622 chatroom_server_epoll.cpp:245 handleClientEvent: [0mSent response: application/json
[32m[INFO] 2025-07-05 21:42:08.622 chatroom_server_epoll.cpp:250 handleClientEvent: [0mClient disconnected: 7
[32m[INFO] 2025-07-05 21:42:09.118 chatroom_server_epoll.cpp:154 handleNewConnection: [0mNew client connected: 127.0.0.1:40372
[32m[INFO] 2025-07-05 21:42:09.119 chatroom_server_epoll.cpp:216 handleClientEvent: [0mReceived request: GET /rooms
[32m[INFO] 2025-07-05 21:42:09.120 chatroom_server_epoll.cpp:365 operator(): [0mRoom list retrieved
[32m[INFO] 2025-07-05 21:42:09.120 chatroom_server_epoll.cpp:245 handleClientEvent: [0mSent response: application/json
[32m[INFO] 2025-07-05 21:42:09.121 chatroom_server_epoll.cpp:250 handleClientEvent: [0mClient disconnected: 7
[32m[INFO] 2025-07-05 21:42:09.121 chatroom_server_epoll.cpp:154 handleNewConnection: [0mNew client connected: 127.0.0.1:40378
[32m[INFO] 2025-07-05 21:42:09.121 chatroom_server_epoll.cpp:154 handleNewConnection: [0mNew client connected: 127.0.0.1:40386
[32m[INFO] 2025-07-05 21:42:09.121 chatroom_server_epoll.cpp:216 handleClientEvent: [0mReceived request: GET /users
[32m[INFO] 2025-07-05 21:42:09.122 chatroom_server_epoll.cpp:436 operator(): [0mUser list retrieved
[32m[INFO] 2025-07-05 21:42:09.122 chatroom_server_epoll.cpp:245 handleClientEvent: [0mSent response: application/json
[32m[INFO] 2025-07-05 21:42:09.122 chatroom_server_epoll.cpp:250 handleClientEvent: [0mClient disconnected: 7
[32m[INFO] 2025-07-05 21:42:09.122 chatroom_server_epoll.cpp:216 handleClientEvent: [0mReceived request: POST /messages
[32m[INFO] 2025-07-05 21:42:09.131 chatroom_server_epoll.cpp:419 operator(): [0mRetrieved messages for room: 123
[32m[INFO] 2025-07-05 21:42:09.132 chatroom_server_epoll.cpp:245 handleClientEvent: [0mSent response: application/json
[32m[INFO] 2025-07-05 21:42:09.132 chatroom_server_epoll.cpp:250 handleClientEvent: [0mClient disconnected: 8
[32m[INFO] 2025-07-05 21:42:12.777 chatroom_server_epoll.cpp:154 handleNewConnection: [0mNew client connected: 127.0.0.1:46044
[32m[INFO] 2025-07-05 21:42:12.778 chatroom_server_epoll.cpp:216 handleClientEvent: [0mReceived request: POST /send_message
[32m[INFO] 2025-07-05 21:42:12.789 chatroom_server_epoll.cpp:387 operator(): [0mMessage sent in room: 123 from user: haha
[32m[INFO] 2025-07-05 21:42:12.790 chatroom_server_epoll.cpp:245 handleClientEvent: [0mSent response: application/json
[32m[INFO] 2025-07-05 21:42:12.790 chatroom_server_epoll.cpp:250 handleClientEvent: [0mClient disconnected: 7
[32m[INFO] 2025-07-05 21:42:12.793 chatroom_server_epoll.cpp:154 handleNewConnection: [0mNew client connected: 127.0.0.1:46048
[32m[INFO] 2025-07-05 21:42:12.794 chatroom_server_epoll.cpp:216 handleClientEvent: [0mReceived request: POST /messages
[32m[INFO] 2025-07-05 21:42:12.804 chatroom_server_epoll.cpp:419 operator(): [0mRetrieved messages for room: 123
[32m[INFO] 2025-07-05 21:42:12.805 chatroom_server_epoll.cpp:245 handleClientEvent: [0mSent response: application/json
[32m[INFO] 2025-07-05 21:42:12.805 chatroom_server_epoll.cpp:250 handleClientEvent: [0mClient disconnected: 7
[32m[INFO] 2025-07-05 21:42:14.293 chatroom_server_epoll.cpp:154 handleNewConnection: [0mNew client connected: 127.0.0.1:46062
[32m[INFO] 2025-07-05 21:42:14.293 chatroom_server_epoll.cpp:154 handleNewConnection: [0mNew client connected: 127.0.0.1:46070
[32m[INFO] 2025-07-05 21:42:14.294 chatroom_server_epoll.cpp:216 handleClientEvent: [0mReceived request: GET /rooms
[32m[INFO] 2025-07-05 21:42:14.294 chatroom_server_epoll.cpp:365 operator(): [0mRoom list retrieved
[32m[INFO] 2025-07-05 21:42:14.295 chatroom_server_epoll.cpp:245 handleClientEvent: [0mSent response: application/json
[32m[INFO] 2025-07-05 21:42:14.295 chatroom_server_epoll.cpp:250 handleClientEvent: [0mClient disconnected: 7
[32m[INFO] 2025-07-05 21:42:14.295 chatroom_server_epoll.cpp:216 handleClientEvent: [0mReceived request: POST /messages
[32m[INFO] 2025-07-05 21:42:14.303 chatroom_server_epoll.cpp:419 operator(): [0mRetrieved messages for room: 123
[32m[INFO] 2025-07-05 21:42:14.303 chatroom_server_epoll.cpp:245 handleClientEvent: [0mSent response: application/json
[32m[INFO] 2025-07-05 21:42:14.303 chatroom_server_epoll.cpp:250 handleClientEvent: [0mClient disconnected: 8
[32m[INFO] 2025-07-05 21:42:14.303 chatroom_server_epoll.cpp:154 handleNewConnection: [0mNew client connected: 127.0.0.1:46074
[32m[INFO] 2025-07-05 21:42:14.303 chatroom_server_epoll.cpp:216 handleClientEvent: [0mReceived request: GET /users
[32m[INFO] 2025-07-05 21:42:14.304 chatroom_server_epoll.cpp:436 operator(): [0mUser list retrieved
[32m[INFO] 2025-07-05 21:42:14.304 chatroom_server_epoll.cpp:245 handleClientEvent: [0mSent response: application/json
[32m[INFO] 2025-07-05 21:42:14.304 chatroom_server_epoll.cpp:250 handleClientEvent: [0mClient disconnected: 7
[32m[INFO] 2025-07-05 21:42:21.631 main.cpp:23 signalHandler: [0mReceived signal 2, shutting down...
[32m[INFO] 2025-07-05 21:42:21.631 chatroom_server_epoll.cpp:131 stop: [0mChatroom server stopped
[32m[INFO] 2025-07-05 21:42:21.631 main.cpp:73 main: [0mServer running. Press Ctrl+C to stop.
[32m[INFO] 2025-07-05 21:42:21.631 chatroom_server_epoll.cpp:131 stop: [0mChatroom server stopped
[32m[INFO] 2025-07-05 21:42:21.631 main.cpp:87 main: [0mServer shutdown complete
