[32m[INFO] 2025-07-05 16:20:48.557 main.cpp:48 main: [0mChatroomServer starting...
[32m[INFO] 2025-07-05 16:20:48.573 chatroom_server_epoll.cpp:111 ChatroomServerEpoll: [0mChatroom server initialized on port 8080
[32m[INFO] 2025-07-05 16:20:48.573 main.cpp:67 main: [0mServer listening on port 8080
[32m[INFO] 2025-07-05 16:20:52.142 chatroom_server_epoll.cpp:153 handleNewConnection: [0mNew client connected: 127.0.0.1:49138
[32m[INFO] 2025-07-05 16:20:53.136 chatroom_server_epoll.cpp:218 handleClientEvent: [0mReceived request: GET /
[32m[INFO] 2025-07-05 16:20:53.137 chatroom_server_epoll.cpp:180 handleStaticFile: [0mServing static file: /login.html
[32m[INFO] 2025-07-05 16:20:53.137 chatroom_server_epoll.cpp:247 handleClientEvent: [0mSent response: text/html
[32m[INFO] 2025-07-05 16:20:53.137 chatroom_server_epoll.cpp:253 handleClientEvent: [0mClient disconnected: 7
[32m[INFO] 2025-07-05 16:20:54.409 chatroom_server_epoll.cpp:153 handleNewConnection: [0mNew client connected: 127.0.0.1:49148
[32m[INFO] 2025-07-05 16:20:54.659 chatroom_server_epoll.cpp:218 handleClientEvent: [0mReceived request: GET /register.html
[32m[INFO] 2025-07-05 16:20:54.659 chatroom_server_epoll.cpp:180 handleStaticFile: [0mServing static file: /register.html
[32m[INFO] 2025-07-05 16:20:54.659 chatroom_server_epoll.cpp:247 handleClientEvent: [0mSent response: text/html
[32m[INFO] 2025-07-05 16:20:54.659 chatroom_server_epoll.cpp:253 handleClientEvent: [0mClient disconnected: 7
[32m[INFO] 2025-07-05 16:20:57.988 chatroom_server_epoll.cpp:153 handleNewConnection: [0mNew client connected: 127.0.0.1:49164
[32m[INFO] 2025-07-05 16:20:57.988 chatroom_server_epoll.cpp:218 handleClientEvent: [0mReceived request: POST /register
[32m[INFO] 2025-07-05 16:20:57.992 chatroom_server_epoll.cpp:274 operator(): [0mUser registered: haha
[32m[INFO] 2025-07-05 16:20:57.993 chatroom_server_epoll.cpp:247 handleClientEvent: [0mSent response: application/json
[32m[INFO] 2025-07-05 16:20:57.993 chatroom_server_epoll.cpp:253 handleClientEvent: [0mClient disconnected: 7
[32m[INFO] 2025-07-05 16:20:58.007 chatroom_server_epoll.cpp:153 handleNewConnection: [0mNew client connected: 127.0.0.1:49172
[32m[INFO] 2025-07-05 16:20:58.007 chatroom_server_epoll.cpp:218 handleClientEvent: [0mReceived request: GET /chat.html
[32m[INFO] 2025-07-05 16:20:58.008 chatroom_server_epoll.cpp:180 handleStaticFile: [0mServing static file: /chat.html
[32m[INFO] 2025-07-05 16:20:58.008 chatroom_server_epoll.cpp:247 handleClientEvent: [0mSent response: text/html
[32m[INFO] 2025-07-05 16:20:58.008 chatroom_server_epoll.cpp:253 handleClientEvent: [0mClient disconnected: 7
[32m[INFO] 2025-07-05 16:20:58.090 chatroom_server_epoll.cpp:153 handleNewConnection: [0mNew client connected: 127.0.0.1:49182
[32m[INFO] 2025-07-05 16:20:58.090 chatroom_server_epoll.cpp:218 handleClientEvent: [0mReceived request: GET /login.html
[32m[INFO] 2025-07-05 16:20:58.090 chatroom_server_epoll.cpp:180 handleStaticFile: [0mServing static file: /login.html
[32m[INFO] 2025-07-05 16:20:58.090 chatroom_server_epoll.cpp:247 handleClientEvent: [0mSent response: text/html
[32m[INFO] 2025-07-05 16:20:58.090 chatroom_server_epoll.cpp:253 handleClientEvent: [0mClient disconnected: 7
[32m[INFO] 2025-07-05 16:20:58.091 chatroom_server_epoll.cpp:153 handleNewConnection: [0mNew client connected: 127.0.0.1:49192
[32m[INFO] 2025-07-05 16:20:58.091 chatroom_server_epoll.cpp:218 handleClientEvent: [0mReceived request: GET /rooms
[32m[INFO] 2025-07-05 16:20:58.091 chatroom_server_epoll.cpp:368 operator(): [0mRoom list retrieved
[32m[INFO] 2025-07-05 16:20:58.091 chatroom_server_epoll.cpp:247 handleClientEvent: [0mSent response: application/json
[32m[INFO] 2025-07-05 16:20:58.091 chatroom_server_epoll.cpp:253 handleClientEvent: [0mClient disconnected: 7
[32m[INFO] 2025-07-05 16:20:58.091 chatroom_server_epoll.cpp:153 handleNewConnection: [0mNew client connected: 127.0.0.1:49208
[32m[INFO] 2025-07-05 16:20:58.091 chatroom_server_epoll.cpp:218 handleClientEvent: [0mReceived request: GET /users
[32m[INFO] 2025-07-05 16:20:58.091 chatroom_server_epoll.cpp:439 operator(): [0mUser list retrieved
[32m[INFO] 2025-07-05 16:20:58.091 chatroom_server_epoll.cpp:247 handleClientEvent: [0mSent response: application/json
[32m[INFO] 2025-07-05 16:20:58.091 chatroom_server_epoll.cpp:253 handleClientEvent: [0mClient disconnected: 7
[32m[INFO] 2025-07-05 16:20:58.113 chatroom_server_epoll.cpp:153 handleNewConnection: [0mNew client connected: 127.0.0.1:49222
[32m[INFO] 2025-07-05 16:20:59.932 chatroom_server_epoll.cpp:218 handleClientEvent: [0mReceived request: POST /login
[32m[INFO] 2025-07-05 16:20:59.939 chatroom_server_epoll.cpp:300 operator(): [0mUser logged in: haha
[32m[INFO] 2025-07-05 16:20:59.940 chatroom_server_epoll.cpp:247 handleClientEvent: [0mSent response: application/json
[32m[INFO] 2025-07-05 16:20:59.940 chatroom_server_epoll.cpp:253 handleClientEvent: [0mClient disconnected: 7
[32m[INFO] 2025-07-05 16:20:59.949 chatroom_server_epoll.cpp:153 handleNewConnection: [0mNew client connected: 127.0.0.1:49228
[32m[INFO] 2025-07-05 16:20:59.949 chatroom_server_epoll.cpp:218 handleClientEvent: [0mReceived request: GET /chat.html
[32m[INFO] 2025-07-05 16:20:59.949 chatroom_server_epoll.cpp:180 handleStaticFile: [0mServing static file: /chat.html
[32m[INFO] 2025-07-05 16:20:59.949 chatroom_server_epoll.cpp:247 handleClientEvent: [0mSent response: text/html
[32m[INFO] 2025-07-05 16:20:59.949 chatroom_server_epoll.cpp:253 handleClientEvent: [0mClient disconnected: 7
[32m[INFO] 2025-07-05 16:20:59.981 chatroom_server_epoll.cpp:153 handleNewConnection: [0mNew client connected: 127.0.0.1:49244
[32m[INFO] 2025-07-05 16:20:59.981 chatroom_server_epoll.cpp:218 handleClientEvent: [0mReceived request: GET /rooms
[32m[INFO] 2025-07-05 16:20:59.981 chatroom_server_epoll.cpp:368 operator(): [0mRoom list retrieved
[32m[INFO] 2025-07-05 16:20:59.981 chatroom_server_epoll.cpp:247 handleClientEvent: [0mSent response: application/json
[32m[INFO] 2025-07-05 16:20:59.981 chatroom_server_epoll.cpp:253 handleClientEvent: [0mClient disconnected: 7
[32m[INFO] 2025-07-05 16:20:59.981 chatroom_server_epoll.cpp:153 handleNewConnection: [0mNew client connected: 127.0.0.1:49254
[32m[INFO] 2025-07-05 16:20:59.981 chatroom_server_epoll.cpp:218 handleClientEvent: [0mReceived request: GET /users
[32m[INFO] 2025-07-05 16:20:59.982 chatroom_server_epoll.cpp:439 operator(): [0mUser list retrieved
[32m[INFO] 2025-07-05 16:20:59.982 chatroom_server_epoll.cpp:247 handleClientEvent: [0mSent response: application/json
[32m[INFO] 2025-07-05 16:20:59.982 chatroom_server_epoll.cpp:253 handleClientEvent: [0mClient disconnected: 7
[32m[INFO] 2025-07-05 16:21:02.712 chatroom_server_epoll.cpp:153 handleNewConnection: [0mNew client connected: 127.0.0.1:59968
[32m[INFO] 2025-07-05 16:21:02.712 chatroom_server_epoll.cpp:218 handleClientEvent: [0mReceived request: POST /create_room
[32m[INFO] 2025-07-05 16:21:02.723 chatroom_server_epoll.cpp:323 operator(): [0mRoom created: 123 by user: haha
[32m[INFO] 2025-07-05 16:21:02.723 chatroom_server_epoll.cpp:247 handleClientEvent: [0mSent response: application/json
[32m[INFO] 2025-07-05 16:21:02.723 chatroom_server_epoll.cpp:253 handleClientEvent: [0mClient disconnected: 7
[32m[INFO] 2025-07-05 16:21:02.729 chatroom_server_epoll.cpp:153 handleNewConnection: [0mNew client connected: 127.0.0.1:59976
[32m[INFO] 2025-07-05 16:21:02.729 chatroom_server_epoll.cpp:218 handleClientEvent: [0mReceived request: GET /rooms
[32m[INFO] 2025-07-05 16:21:02.730 chatroom_server_epoll.cpp:368 operator(): [0mRoom list retrieved
[32m[INFO] 2025-07-05 16:21:02.730 chatroom_server_epoll.cpp:247 handleClientEvent: [0mSent response: application/json
[32m[INFO] 2025-07-05 16:21:02.730 chatroom_server_epoll.cpp:253 handleClientEvent: [0mClient disconnected: 7
[32m[INFO] 2025-07-05 16:21:03.544 chatroom_server_epoll.cpp:153 handleNewConnection: [0mNew client connected: 127.0.0.1:59990
[32m[INFO] 2025-07-05 16:21:03.544 chatroom_server_epoll.cpp:218 handleClientEvent: [0mReceived request: POST /join_room
[32m[INFO] 2025-07-05 16:21:03.545 chatroom_server_epoll.cpp:346 operator(): [0mUser joined room: haha -> 123
[32m[INFO] 2025-07-05 16:21:03.545 chatroom_server_epoll.cpp:247 handleClientEvent: [0mSent response: application/json
[32m[INFO] 2025-07-05 16:21:03.545 chatroom_server_epoll.cpp:253 handleClientEvent: [0mClient disconnected: 7
[32m[INFO] 2025-07-05 16:21:03.551 chatroom_server_epoll.cpp:153 handleNewConnection: [0mNew client connected: 127.0.0.1:59992
[32m[INFO] 2025-07-05 16:21:03.551 chatroom_server_epoll.cpp:218 handleClientEvent: [0mReceived request: POST /messages
[32m[INFO] 2025-07-05 16:21:03.559 chatroom_server_epoll.cpp:422 operator(): [0mRetrieved messages for room: 123
[32m[INFO] 2025-07-05 16:21:03.559 chatroom_server_epoll.cpp:247 handleClientEvent: [0mSent response: application/json
[32m[INFO] 2025-07-05 16:21:03.559 chatroom_server_epoll.cpp:253 handleClientEvent: [0mClient disconnected: 7
[32m[INFO] 2025-07-05 16:21:04.973 chatroom_server_epoll.cpp:153 handleNewConnection: [0mNew client connected: 127.0.0.1:60004
[32m[INFO] 2025-07-05 16:21:04.973 chatroom_server_epoll.cpp:218 handleClientEvent: [0mReceived request: POST /send_message
[32m[INFO] 2025-07-05 16:21:04.982 chatroom_server_epoll.cpp:390 operator(): [0mMessage sent in room: 123 from user: haha
[32m[INFO] 2025-07-05 16:21:04.982 chatroom_server_epoll.cpp:247 handleClientEvent: [0mSent response: application/json
[32m[INFO] 2025-07-05 16:21:04.982 chatroom_server_epoll.cpp:253 handleClientEvent: [0mClient disconnected: 7
[32m[INFO] 2025-07-05 16:21:04.986 chatroom_server_epoll.cpp:153 handleNewConnection: [0mNew client connected: 127.0.0.1:60010
[32m[INFO] 2025-07-05 16:21:04.986 chatroom_server_epoll.cpp:218 handleClientEvent: [0mReceived request: POST /messages
[32m[INFO] 2025-07-05 16:21:04.994 chatroom_server_epoll.cpp:422 operator(): [0mRetrieved messages for room: 123
[32m[INFO] 2025-07-05 16:21:04.994 chatroom_server_epoll.cpp:247 handleClientEvent: [0mSent response: application/json
[32m[INFO] 2025-07-05 16:21:04.994 chatroom_server_epoll.cpp:253 handleClientEvent: [0mClient disconnected: 7
[32m[INFO] 2025-07-05 16:21:04.994 chatroom_server_epoll.cpp:153 handleNewConnection: [0mNew client connected: 127.0.0.1:60012
[32m[INFO] 2025-07-05 16:21:04.994 chatroom_server_epoll.cpp:153 handleNewConnection: [0mNew client connected: 127.0.0.1:60024
[32m[INFO] 2025-07-05 16:21:04.994 chatroom_server_epoll.cpp:153 handleNewConnection: [0mNew client connected: 127.0.0.1:60030
[32m[INFO] 2025-07-05 16:21:04.994 chatroom_server_epoll.cpp:218 handleClientEvent: [0mReceived request: GET /rooms
[32m[INFO] 2025-07-05 16:21:04.995 chatroom_server_epoll.cpp:368 operator(): [0mRoom list retrieved
[32m[INFO] 2025-07-05 16:21:04.995 chatroom_server_epoll.cpp:247 handleClientEvent: [0mSent response: application/json
[32m[INFO] 2025-07-05 16:21:04.995 chatroom_server_epoll.cpp:253 handleClientEvent: [0mClient disconnected: 7
[32m[INFO] 2025-07-05 16:21:04.995 chatroom_server_epoll.cpp:218 handleClientEvent: [0mReceived request: GET /users
[32m[INFO] 2025-07-05 16:21:04.995 chatroom_server_epoll.cpp:439 operator(): [0mUser list retrieved
[32m[INFO] 2025-07-05 16:21:04.996 chatroom_server_epoll.cpp:247 handleClientEvent: [0mSent response: application/json
[32m[INFO] 2025-07-05 16:21:04.996 chatroom_server_epoll.cpp:253 handleClientEvent: [0mClient disconnected: 8
[32m[INFO] 2025-07-05 16:21:04.996 chatroom_server_epoll.cpp:218 handleClientEvent: [0mReceived request: POST /messages
[32m[INFO] 2025-07-05 16:21:05.005 chatroom_server_epoll.cpp:422 operator(): [0mRetrieved messages for room: 123
[32m[INFO] 2025-07-05 16:21:05.006 chatroom_server_epoll.cpp:247 handleClientEvent: [0mSent response: application/json
[32m[INFO] 2025-07-05 16:21:05.006 chatroom_server_epoll.cpp:253 handleClientEvent: [0mClient disconnected: 9
[32m[INFO] 2025-07-05 16:21:05.626 chatroom_server_epoll.cpp:153 handleNewConnection: [0mNew client connected: 127.0.0.1:60042
[32m[INFO] 2025-07-05 16:21:05.626 chatroom_server_epoll.cpp:218 handleClientEvent: [0mReceived request: POST /send_message
[32m[INFO] 2025-07-05 16:21:05.634 chatroom_server_epoll.cpp:390 operator(): [0mMessage sent in room: 123 from user: haha
[32m[INFO] 2025-07-05 16:21:05.634 chatroom_server_epoll.cpp:247 handleClientEvent: [0mSent response: application/json
[32m[INFO] 2025-07-05 16:21:05.634 chatroom_server_epoll.cpp:253 handleClientEvent: [0mClient disconnected: 7
[32m[INFO] 2025-07-05 16:21:05.640 chatroom_server_epoll.cpp:153 handleNewConnection: [0mNew client connected: 127.0.0.1:60046
[32m[INFO] 2025-07-05 16:21:05.640 chatroom_server_epoll.cpp:218 handleClientEvent: [0mReceived request: POST /messages
[32m[INFO] 2025-07-05 16:21:05.648 chatroom_server_epoll.cpp:422 operator(): [0mRetrieved messages for room: 123
[32m[INFO] 2025-07-05 16:21:05.648 chatroom_server_epoll.cpp:247 handleClientEvent: [0mSent response: application/json
[32m[INFO] 2025-07-05 16:21:05.648 chatroom_server_epoll.cpp:253 handleClientEvent: [0mClient disconnected: 7
[32m[INFO] 2025-07-05 16:21:06.203 chatroom_server_epoll.cpp:153 handleNewConnection: [0mNew client connected: 127.0.0.1:60048
[32m[INFO] 2025-07-05 16:21:06.204 chatroom_server_epoll.cpp:218 handleClientEvent: [0mReceived request: POST /send_message
[32m[INFO] 2025-07-05 16:21:06.214 chatroom_server_epoll.cpp:390 operator(): [0mMessage sent in room: 123 from user: haha
[32m[INFO] 2025-07-05 16:21:06.214 chatroom_server_epoll.cpp:247 handleClientEvent: [0mSent response: application/json
[32m[INFO] 2025-07-05 16:21:06.215 chatroom_server_epoll.cpp:253 handleClientEvent: [0mClient disconnected: 7
[32m[INFO] 2025-07-05 16:21:06.220 chatroom_server_epoll.cpp:153 handleNewConnection: [0mNew client connected: 127.0.0.1:60050
[32m[INFO] 2025-07-05 16:21:06.221 chatroom_server_epoll.cpp:218 handleClientEvent: [0mReceived request: POST /messages
[32m[INFO] 2025-07-05 16:21:06.229 chatroom_server_epoll.cpp:422 operator(): [0mRetrieved messages for room: 123
[32m[INFO] 2025-07-05 16:21:06.230 chatroom_server_epoll.cpp:247 handleClientEvent: [0mSent response: application/json
[32m[INFO] 2025-07-05 16:21:06.230 chatroom_server_epoll.cpp:253 handleClientEvent: [0mClient disconnected: 7
[32m[INFO] 2025-07-05 16:21:06.756 chatroom_server_epoll.cpp:153 handleNewConnection: [0mNew client connected: 127.0.0.1:60060
[32m[INFO] 2025-07-05 16:21:06.756 chatroom_server_epoll.cpp:218 handleClientEvent: [0mReceived request: POST /send_message
[32m[INFO] 2025-07-05 16:21:06.764 chatroom_server_epoll.cpp:390 operator(): [0mMessage sent in room: 123 from user: haha
[32m[INFO] 2025-07-05 16:21:06.764 chatroom_server_epoll.cpp:247 handleClientEvent: [0mSent response: application/json
[32m[INFO] 2025-07-05 16:21:06.764 chatroom_server_epoll.cpp:253 handleClientEvent: [0mClient disconnected: 7
[32m[INFO] 2025-07-05 16:21:06.769 chatroom_server_epoll.cpp:153 handleNewConnection: [0mNew client connected: 127.0.0.1:60062
[32m[INFO] 2025-07-05 16:21:06.769 chatroom_server_epoll.cpp:218 handleClientEvent: [0mReceived request: POST /messages
[32m[INFO] 2025-07-05 16:21:06.778 chatroom_server_epoll.cpp:422 operator(): [0mRetrieved messages for room: 123
[32m[INFO] 2025-07-05 16:21:06.778 chatroom_server_epoll.cpp:247 handleClientEvent: [0mSent response: application/json
[32m[INFO] 2025-07-05 16:21:06.778 chatroom_server_epoll.cpp:253 handleClientEvent: [0mClient disconnected: 7
[32m[INFO] 2025-07-05 16:21:07.412 chatroom_server_epoll.cpp:153 handleNewConnection: [0mNew client connected: 127.0.0.1:60072
[32m[INFO] 2025-07-05 16:21:07.412 chatroom_server_epoll.cpp:218 handleClientEvent: [0mReceived request: POST /send_message
[32m[INFO] 2025-07-05 16:21:07.423 chatroom_server_epoll.cpp:390 operator(): [0mMessage sent in room: 123 from user: haha
[32m[INFO] 2025-07-05 16:21:07.423 chatroom_server_epoll.cpp:247 handleClientEvent: [0mSent response: application/json
[32m[INFO] 2025-07-05 16:21:07.423 chatroom_server_epoll.cpp:253 handleClientEvent: [0mClient disconnected: 7
[32m[INFO] 2025-07-05 16:21:07.427 chatroom_server_epoll.cpp:153 handleNewConnection: [0mNew client connected: 127.0.0.1:60074
[32m[INFO] 2025-07-05 16:21:07.427 chatroom_server_epoll.cpp:218 handleClientEvent: [0mReceived request: POST /messages
[32m[INFO] 2025-07-05 16:21:07.435 chatroom_server_epoll.cpp:422 operator(): [0mRetrieved messages for room: 123
[32m[INFO] 2025-07-05 16:21:07.435 chatroom_server_epoll.cpp:247 handleClientEvent: [0mSent response: application/json
[32m[INFO] 2025-07-05 16:21:07.435 chatroom_server_epoll.cpp:253 handleClientEvent: [0mClient disconnected: 7
[32m[INFO] 2025-07-05 16:21:11.035 main.cpp:23 signalHandler: [0mReceived signal 2, shutting down...
[32m[INFO] 2025-07-05 16:21:11.035 chatroom_server_epoll.cpp:130 stop: [0mChatroom server stopped
[32m[INFO] 2025-07-05 16:21:11.035 main.cpp:73 main: [0mServer running. Press Ctrl+C to stop.
[32m[INFO] 2025-07-05 16:21:11.035 chatroom_server_epoll.cpp:130 stop: [0mChatroom server stopped
[32m[INFO] 2025-07-05 16:21:11.035 main.cpp:87 main: [0mServer shutdown complete
