[32m[INFO] 2025-07-05 21:22:26.890 main.cpp:48 main: [0mChatroomServer starting...
[32m[INFO] 2025-07-05 21:22:26.892 chatroom_server_epoll.cpp:112 ChatroomServerEpoll: [0mChatroom server initialized on port 8080
[32m[INFO] 2025-07-05 21:22:26.892 main.cpp:67 main: [0mServer listening on port 8080
[32m[INFO] 2025-07-05 21:22:28.628 chatroom_server_epoll.cpp:154 handleNewConnection: [0mNew client connected: 127.0.0.1:56428
[32m[INFO] 2025-07-05 21:22:28.629 chatroom_server_epoll.cpp:219 handleClientEvent: [0mReceived request: GET /
[32m[INFO] 2025-07-05 21:22:28.629 chatroom_server_epoll.cpp:181 handleStaticFile: [0mServing static file: /login.html
[32m[INFO] 2025-07-05 21:22:28.629 chatroom_server_epoll.cpp:248 handleClientEvent: [0mSent response: text/html
[32m[INFO] 2025-07-05 21:22:28.630 chatroom_server_epoll.cpp:254 handleClientEvent: [0mClient disconnected: 7
[32m[INFO] 2025-07-05 21:22:30.841 chatroom_server_epoll.cpp:154 handleNewConnection: [0mNew client connected: 127.0.0.1:56436
[32m[INFO] 2025-07-05 21:22:31.720 chatroom_server_epoll.cpp:219 handleClientEvent: [0mReceived request: GET /register.html
[32m[INFO] 2025-07-05 21:22:31.721 chatroom_server_epoll.cpp:181 handleStaticFile: [0mServing static file: /register.html
[32m[INFO] 2025-07-05 21:22:31.721 chatroom_server_epoll.cpp:248 handleClientEvent: [0mSent response: text/html
[32m[INFO] 2025-07-05 21:22:31.721 chatroom_server_epoll.cpp:254 handleClientEvent: [0mClient disconnected: 7
[32m[INFO] 2025-07-05 21:22:35.950 chatroom_server_epoll.cpp:154 handleNewConnection: [0mNew client connected: 127.0.0.1:54162
[32m[INFO] 2025-07-05 21:22:35.950 chatroom_server_epoll.cpp:219 handleClientEvent: [0mReceived request: POST /register
[32m[INFO] 2025-07-05 21:22:35.957 chatroom_server_epoll.cpp:275 operator(): [0mUser registered: haha
[32m[INFO] 2025-07-05 21:22:35.957 chatroom_server_epoll.cpp:248 handleClientEvent: [0mSent response: application/json
[32m[INFO] 2025-07-05 21:22:35.957 chatroom_server_epoll.cpp:254 handleClientEvent: [0mClient disconnected: 7
[32m[INFO] 2025-07-05 21:22:35.972 chatroom_server_epoll.cpp:154 handleNewConnection: [0mNew client connected: 127.0.0.1:54164
[32m[INFO] 2025-07-05 21:22:35.972 chatroom_server_epoll.cpp:219 handleClientEvent: [0mReceived request: GET /chat.html
[32m[INFO] 2025-07-05 21:22:35.973 chatroom_server_epoll.cpp:181 handleStaticFile: [0mServing static file: /chat.html
[32m[INFO] 2025-07-05 21:22:35.973 chatroom_server_epoll.cpp:248 handleClientEvent: [0mSent response: text/html
[32m[INFO] 2025-07-05 21:22:35.974 chatroom_server_epoll.cpp:254 handleClientEvent: [0mClient disconnected: 7
[32m[INFO] 2025-07-05 21:22:36.044 chatroom_server_epoll.cpp:154 handleNewConnection: [0mNew client connected: 127.0.0.1:54170
[32m[INFO] 2025-07-05 21:22:36.045 chatroom_server_epoll.cpp:219 handleClientEvent: [0mReceived request: GET /login.html
[32m[INFO] 2025-07-05 21:22:36.045 chatroom_server_epoll.cpp:181 handleStaticFile: [0mServing static file: /login.html
[32m[INFO] 2025-07-05 21:22:36.045 chatroom_server_epoll.cpp:248 handleClientEvent: [0mSent response: text/html
[32m[INFO] 2025-07-05 21:22:36.045 chatroom_server_epoll.cpp:254 handleClientEvent: [0mClient disconnected: 7
[32m[INFO] 2025-07-05 21:22:36.045 chatroom_server_epoll.cpp:154 handleNewConnection: [0mNew client connected: 127.0.0.1:54172
[32m[INFO] 2025-07-05 21:22:36.045 chatroom_server_epoll.cpp:219 handleClientEvent: [0mReceived request: GET /rooms
[32m[INFO] 2025-07-05 21:22:36.045 chatroom_server_epoll.cpp:369 operator(): [0mRoom list retrieved
[32m[INFO] 2025-07-05 21:22:36.045 chatroom_server_epoll.cpp:248 handleClientEvent: [0mSent response: application/json
[32m[INFO] 2025-07-05 21:22:36.045 chatroom_server_epoll.cpp:254 handleClientEvent: [0mClient disconnected: 7
[32m[INFO] 2025-07-05 21:22:36.046 chatroom_server_epoll.cpp:154 handleNewConnection: [0mNew client connected: 127.0.0.1:54178
[32m[INFO] 2025-07-05 21:22:36.046 chatroom_server_epoll.cpp:219 handleClientEvent: [0mReceived request: GET /users
[32m[INFO] 2025-07-05 21:22:36.046 chatroom_server_epoll.cpp:440 operator(): [0mUser list retrieved
[32m[INFO] 2025-07-05 21:22:36.046 chatroom_server_epoll.cpp:248 handleClientEvent: [0mSent response: application/json
[32m[INFO] 2025-07-05 21:22:36.046 chatroom_server_epoll.cpp:254 handleClientEvent: [0mClient disconnected: 7
[32m[INFO] 2025-07-05 21:22:39.984 chatroom_server_epoll.cpp:154 handleNewConnection: [0mNew client connected: 127.0.0.1:54188
[32m[INFO] 2025-07-05 21:22:39.985 chatroom_server_epoll.cpp:219 handleClientEvent: [0mReceived request: POST /login
[32m[INFO] 2025-07-05 21:22:39.993 chatroom_server_epoll.cpp:301 operator(): [0mUser logged in: haha
[32m[INFO] 2025-07-05 21:22:39.993 chatroom_server_epoll.cpp:248 handleClientEvent: [0mSent response: application/json
[32m[INFO] 2025-07-05 21:22:39.993 chatroom_server_epoll.cpp:254 handleClientEvent: [0mClient disconnected: 7
[32m[INFO] 2025-07-05 21:22:40.004 chatroom_server_epoll.cpp:154 handleNewConnection: [0mNew client connected: 127.0.0.1:54198
[32m[INFO] 2025-07-05 21:22:40.004 chatroom_server_epoll.cpp:219 handleClientEvent: [0mReceived request: GET /chat.html
[32m[INFO] 2025-07-05 21:22:40.005 chatroom_server_epoll.cpp:181 handleStaticFile: [0mServing static file: /chat.html
[32m[INFO] 2025-07-05 21:22:40.005 chatroom_server_epoll.cpp:248 handleClientEvent: [0mSent response: text/html
[32m[INFO] 2025-07-05 21:22:40.005 chatroom_server_epoll.cpp:254 handleClientEvent: [0mClient disconnected: 7
[32m[INFO] 2025-07-05 21:22:40.029 chatroom_server_epoll.cpp:154 handleNewConnection: [0mNew client connected: 127.0.0.1:54200
[32m[INFO] 2025-07-05 21:22:40.029 chatroom_server_epoll.cpp:219 handleClientEvent: [0mReceived request: GET /rooms
[32m[INFO] 2025-07-05 21:22:40.029 chatroom_server_epoll.cpp:369 operator(): [0mRoom list retrieved
[32m[INFO] 2025-07-05 21:22:40.029 chatroom_server_epoll.cpp:248 handleClientEvent: [0mSent response: application/json
[32m[INFO] 2025-07-05 21:22:40.029 chatroom_server_epoll.cpp:254 handleClientEvent: [0mClient disconnected: 7
[32m[INFO] 2025-07-05 21:22:40.031 chatroom_server_epoll.cpp:154 handleNewConnection: [0mNew client connected: 127.0.0.1:54206
[32m[INFO] 2025-07-05 21:22:40.032 chatroom_server_epoll.cpp:219 handleClientEvent: [0mReceived request: GET /users
[32m[INFO] 2025-07-05 21:22:40.032 chatroom_server_epoll.cpp:440 operator(): [0mUser list retrieved
[32m[INFO] 2025-07-05 21:22:40.032 chatroom_server_epoll.cpp:248 handleClientEvent: [0mSent response: application/json
[32m[INFO] 2025-07-05 21:22:40.032 chatroom_server_epoll.cpp:254 handleClientEvent: [0mClient disconnected: 7
[32m[INFO] 2025-07-05 21:22:43.430 chatroom_server_epoll.cpp:154 handleNewConnection: [0mNew client connected: 127.0.0.1:41420
[32m[INFO] 2025-07-05 21:22:43.430 chatroom_server_epoll.cpp:219 handleClientEvent: [0mReceived request: POST /create_room
[32m[INFO] 2025-07-05 21:22:43.439 chatroom_server_epoll.cpp:324 operator(): [0mRoom created: 123 by user: haha
[32m[INFO] 2025-07-05 21:22:43.439 chatroom_server_epoll.cpp:248 handleClientEvent: [0mSent response: application/json
[32m[INFO] 2025-07-05 21:22:43.440 chatroom_server_epoll.cpp:254 handleClientEvent: [0mClient disconnected: 7
[32m[INFO] 2025-07-05 21:22:43.447 chatroom_server_epoll.cpp:154 handleNewConnection: [0mNew client connected: 127.0.0.1:41432
[32m[INFO] 2025-07-05 21:22:43.448 chatroom_server_epoll.cpp:219 handleClientEvent: [0mReceived request: GET /rooms
[32m[INFO] 2025-07-05 21:22:43.449 chatroom_server_epoll.cpp:369 operator(): [0mRoom list retrieved
[32m[INFO] 2025-07-05 21:22:43.449 chatroom_server_epoll.cpp:248 handleClientEvent: [0mSent response: application/json
[32m[INFO] 2025-07-05 21:22:43.450 chatroom_server_epoll.cpp:254 handleClientEvent: [0mClient disconnected: 7
[32m[INFO] 2025-07-05 21:22:45.049 chatroom_server_epoll.cpp:154 handleNewConnection: [0mNew client connected: 127.0.0.1:41434
[32m[INFO] 2025-07-05 21:22:45.049 chatroom_server_epoll.cpp:219 handleClientEvent: [0mReceived request: GET /rooms
[32m[INFO] 2025-07-05 21:22:45.050 chatroom_server_epoll.cpp:369 operator(): [0mRoom list retrieved
[32m[INFO] 2025-07-05 21:22:45.050 chatroom_server_epoll.cpp:248 handleClientEvent: [0mSent response: application/json
[32m[INFO] 2025-07-05 21:22:45.050 chatroom_server_epoll.cpp:254 handleClientEvent: [0mClient disconnected: 7
[32m[INFO] 2025-07-05 21:22:45.051 chatroom_server_epoll.cpp:154 handleNewConnection: [0mNew client connected: 127.0.0.1:41438
[32m[INFO] 2025-07-05 21:22:45.051 chatroom_server_epoll.cpp:219 handleClientEvent: [0mReceived request: GET /users
[32m[INFO] 2025-07-05 21:22:45.051 chatroom_server_epoll.cpp:440 operator(): [0mUser list retrieved
[32m[INFO] 2025-07-05 21:22:45.052 chatroom_server_epoll.cpp:248 handleClientEvent: [0mSent response: application/json
[32m[INFO] 2025-07-05 21:22:45.052 chatroom_server_epoll.cpp:254 handleClientEvent: [0mClient disconnected: 7
[32m[INFO] 2025-07-05 21:22:45.463 chatroom_server_epoll.cpp:154 handleNewConnection: [0mNew client connected: 127.0.0.1:41450
[32m[INFO] 2025-07-05 21:22:45.463 chatroom_server_epoll.cpp:219 handleClientEvent: [0mReceived request: POST /join_room
[32m[INFO] 2025-07-05 21:22:45.464 chatroom_server_epoll.cpp:347 operator(): [0mUser joined room: haha -> 123
[32m[INFO] 2025-07-05 21:22:45.464 chatroom_server_epoll.cpp:248 handleClientEvent: [0mSent response: application/json
[32m[INFO] 2025-07-05 21:22:45.464 chatroom_server_epoll.cpp:254 handleClientEvent: [0mClient disconnected: 7
[32m[INFO] 2025-07-05 21:22:45.470 chatroom_server_epoll.cpp:154 handleNewConnection: [0mNew client connected: 127.0.0.1:41466
[32m[INFO] 2025-07-05 21:22:45.470 chatroom_server_epoll.cpp:219 handleClientEvent: [0mReceived request: POST /messages
[32m[INFO] 2025-07-05 21:22:45.479 chatroom_server_epoll.cpp:423 operator(): [0mRetrieved messages for room: 123
[32m[INFO] 2025-07-05 21:22:45.480 chatroom_server_epoll.cpp:248 handleClientEvent: [0mSent response: application/json
[32m[INFO] 2025-07-05 21:22:45.480 chatroom_server_epoll.cpp:254 handleClientEvent: [0mClient disconnected: 7
[32m[INFO] 2025-07-05 21:22:47.631 chatroom_server_epoll.cpp:154 handleNewConnection: [0mNew client connected: 127.0.0.1:41482
[32m[INFO] 2025-07-05 21:22:47.631 chatroom_server_epoll.cpp:219 handleClientEvent: [0mReceived request: POST /send_message
[32m[INFO] 2025-07-05 21:22:47.641 chatroom_server_epoll.cpp:391 operator(): [0mMessage sent in room: 123 from user: haha
[32m[INFO] 2025-07-05 21:22:47.641 chatroom_server_epoll.cpp:248 handleClientEvent: [0mSent response: application/json
[32m[INFO] 2025-07-05 21:22:47.641 chatroom_server_epoll.cpp:254 handleClientEvent: [0mClient disconnected: 7
[32m[INFO] 2025-07-05 21:22:47.647 chatroom_server_epoll.cpp:154 handleNewConnection: [0mNew client connected: 127.0.0.1:41494
[32m[INFO] 2025-07-05 21:22:47.647 chatroom_server_epoll.cpp:219 handleClientEvent: [0mReceived request: POST /messages
[32m[INFO] 2025-07-05 21:22:47.658 chatroom_server_epoll.cpp:423 operator(): [0mRetrieved messages for room: 123
[32m[INFO] 2025-07-05 21:22:47.659 chatroom_server_epoll.cpp:248 handleClientEvent: [0mSent response: application/json
[32m[INFO] 2025-07-05 21:22:47.659 chatroom_server_epoll.cpp:254 handleClientEvent: [0mClient disconnected: 7
[32m[INFO] 2025-07-05 21:22:48.168 chatroom_server_epoll.cpp:154 handleNewConnection: [0mNew client connected: 127.0.0.1:41498
[32m[INFO] 2025-07-05 21:22:48.168 chatroom_server_epoll.cpp:219 handleClientEvent: [0mReceived request: POST /send_message
[32m[INFO] 2025-07-05 21:22:48.181 chatroom_server_epoll.cpp:391 operator(): [0mMessage sent in room: 123 from user: haha
[32m[INFO] 2025-07-05 21:22:48.182 chatroom_server_epoll.cpp:248 handleClientEvent: [0mSent response: application/json
[32m[INFO] 2025-07-05 21:22:48.182 chatroom_server_epoll.cpp:254 handleClientEvent: [0mClient disconnected: 7
[32m[INFO] 2025-07-05 21:22:48.186 chatroom_server_epoll.cpp:154 handleNewConnection: [0mNew client connected: 127.0.0.1:41508
[32m[INFO] 2025-07-05 21:22:48.187 chatroom_server_epoll.cpp:219 handleClientEvent: [0mReceived request: POST /messages
[32m[INFO] 2025-07-05 21:22:48.197 chatroom_server_epoll.cpp:423 operator(): [0mRetrieved messages for room: 123
[32m[INFO] 2025-07-05 21:22:48.198 chatroom_server_epoll.cpp:248 handleClientEvent: [0mSent response: application/json
[32m[INFO] 2025-07-05 21:22:48.198 chatroom_server_epoll.cpp:254 handleClientEvent: [0mClient disconnected: 7
[32m[INFO] 2025-07-05 21:22:48.788 chatroom_server_epoll.cpp:154 handleNewConnection: [0mNew client connected: 127.0.0.1:41512
[32m[INFO] 2025-07-05 21:22:48.789 chatroom_server_epoll.cpp:219 handleClientEvent: [0mReceived request: POST /send_message
[32m[INFO] 2025-07-05 21:22:48.806 chatroom_server_epoll.cpp:391 operator(): [0mMessage sent in room: 123 from user: haha
[32m[INFO] 2025-07-05 21:22:48.806 chatroom_server_epoll.cpp:248 handleClientEvent: [0mSent response: application/json
[32m[INFO] 2025-07-05 21:22:48.807 chatroom_server_epoll.cpp:254 handleClientEvent: [0mClient disconnected: 7
[32m[INFO] 2025-07-05 21:22:48.814 chatroom_server_epoll.cpp:154 handleNewConnection: [0mNew client connected: 127.0.0.1:41522
[32m[INFO] 2025-07-05 21:22:48.814 chatroom_server_epoll.cpp:219 handleClientEvent: [0mReceived request: POST /messages
[32m[INFO] 2025-07-05 21:22:48.824 chatroom_server_epoll.cpp:423 operator(): [0mRetrieved messages for room: 123
[32m[INFO] 2025-07-05 21:22:48.825 chatroom_server_epoll.cpp:248 handleClientEvent: [0mSent response: application/json
[32m[INFO] 2025-07-05 21:22:48.825 chatroom_server_epoll.cpp:254 handleClientEvent: [0mClient disconnected: 7
[32m[INFO] 2025-07-05 21:22:49.516 chatroom_server_epoll.cpp:154 handleNewConnection: [0mNew client connected: 127.0.0.1:41534
[32m[INFO] 2025-07-05 21:22:49.516 chatroom_server_epoll.cpp:219 handleClientEvent: [0mReceived request: POST /send_message
[32m[INFO] 2025-07-05 21:22:49.529 chatroom_server_epoll.cpp:391 operator(): [0mMessage sent in room: 123 from user: haha
[32m[INFO] 2025-07-05 21:22:49.529 chatroom_server_epoll.cpp:248 handleClientEvent: [0mSent response: application/json
[32m[INFO] 2025-07-05 21:22:49.529 chatroom_server_epoll.cpp:254 handleClientEvent: [0mClient disconnected: 7
[32m[INFO] 2025-07-05 21:22:49.534 chatroom_server_epoll.cpp:154 handleNewConnection: [0mNew client connected: 127.0.0.1:41536
[32m[INFO] 2025-07-05 21:22:49.535 chatroom_server_epoll.cpp:219 handleClientEvent: [0mReceived request: POST /messages
[32m[INFO] 2025-07-05 21:22:49.546 chatroom_server_epoll.cpp:423 operator(): [0mRetrieved messages for room: 123
[32m[INFO] 2025-07-05 21:22:49.547 chatroom_server_epoll.cpp:248 handleClientEvent: [0mSent response: application/json
[32m[INFO] 2025-07-05 21:22:49.547 chatroom_server_epoll.cpp:254 handleClientEvent: [0mClient disconnected: 7
[32m[INFO] 2025-07-05 21:22:50.049 chatroom_server_epoll.cpp:154 handleNewConnection: [0mNew client connected: 127.0.0.1:41548
[32m[INFO] 2025-07-05 21:22:50.050 chatroom_server_epoll.cpp:219 handleClientEvent: [0mReceived request: GET /rooms
[32m[INFO] 2025-07-05 21:22:50.050 chatroom_server_epoll.cpp:369 operator(): [0mRoom list retrieved
[32m[INFO] 2025-07-05 21:22:50.051 chatroom_server_epoll.cpp:248 handleClientEvent: [0mSent response: application/json
[32m[INFO] 2025-07-05 21:22:50.051 chatroom_server_epoll.cpp:254 handleClientEvent: [0mClient disconnected: 7
[32m[INFO] 2025-07-05 21:22:50.051 chatroom_server_epoll.cpp:154 handleNewConnection: [0mNew client connected: 127.0.0.1:41554
[32m[INFO] 2025-07-05 21:22:50.052 chatroom_server_epoll.cpp:219 handleClientEvent: [0mReceived request: GET /users
[32m[INFO] 2025-07-05 21:22:50.052 chatroom_server_epoll.cpp:440 operator(): [0mUser list retrieved
[32m[INFO] 2025-07-05 21:22:50.053 chatroom_server_epoll.cpp:248 handleClientEvent: [0mSent response: application/json
[32m[INFO] 2025-07-05 21:22:50.053 chatroom_server_epoll.cpp:254 handleClientEvent: [0mClient disconnected: 7
[32m[INFO] 2025-07-05 21:22:50.053 chatroom_server_epoll.cpp:154 handleNewConnection: [0mNew client connected: 127.0.0.1:41560
[32m[INFO] 2025-07-05 21:22:50.053 chatroom_server_epoll.cpp:219 handleClientEvent: [0mReceived request: POST /messages
[32m[INFO] 2025-07-05 21:22:50.062 chatroom_server_epoll.cpp:423 operator(): [0mRetrieved messages for room: 123
[32m[INFO] 2025-07-05 21:22:50.063 chatroom_server_epoll.cpp:248 handleClientEvent: [0mSent response: application/json
[32m[INFO] 2025-07-05 21:22:50.063 chatroom_server_epoll.cpp:254 handleClientEvent: [0mClient disconnected: 7
[32m[INFO] 2025-07-05 21:22:50.230 chatroom_server_epoll.cpp:154 handleNewConnection: [0mNew client connected: 127.0.0.1:41572
[32m[INFO] 2025-07-05 21:22:50.231 chatroom_server_epoll.cpp:219 handleClientEvent: [0mReceived request: POST /send_message
[32m[INFO] 2025-07-05 21:22:50.239 chatroom_server_epoll.cpp:391 operator(): [0mMessage sent in room: 123 from user: haha
[32m[INFO] 2025-07-05 21:22:50.239 chatroom_server_epoll.cpp:248 handleClientEvent: [0mSent response: application/json
[32m[INFO] 2025-07-05 21:22:50.239 chatroom_server_epoll.cpp:254 handleClientEvent: [0mClient disconnected: 7
[32m[INFO] 2025-07-05 21:22:50.245 chatroom_server_epoll.cpp:154 handleNewConnection: [0mNew client connected: 127.0.0.1:41576
[32m[INFO] 2025-07-05 21:22:50.245 chatroom_server_epoll.cpp:219 handleClientEvent: [0mReceived request: POST /messages
[32m[INFO] 2025-07-05 21:22:50.256 chatroom_server_epoll.cpp:423 operator(): [0mRetrieved messages for room: 123
[32m[INFO] 2025-07-05 21:22:50.257 chatroom_server_epoll.cpp:248 handleClientEvent: [0mSent response: application/json
[32m[INFO] 2025-07-05 21:22:50.257 chatroom_server_epoll.cpp:254 handleClientEvent: [0mClient disconnected: 7
[32m[INFO] 2025-07-05 21:22:55.049 chatroom_server_epoll.cpp:154 handleNewConnection: [0mNew client connected: 127.0.0.1:35098
[32m[INFO] 2025-07-05 21:22:55.049 chatroom_server_epoll.cpp:219 handleClientEvent: [0mReceived request: GET /rooms
[32m[INFO] 2025-07-05 21:22:55.049 chatroom_server_epoll.cpp:369 operator(): [0mRoom list retrieved
[32m[INFO] 2025-07-05 21:22:55.050 chatroom_server_epoll.cpp:248 handleClientEvent: [0mSent response: application/json
[32m[INFO] 2025-07-05 21:22:55.050 chatroom_server_epoll.cpp:254 handleClientEvent: [0mClient disconnected: 7
[32m[INFO] 2025-07-05 21:22:55.050 chatroom_server_epoll.cpp:154 handleNewConnection: [0mNew client connected: 127.0.0.1:35100
[32m[INFO] 2025-07-05 21:22:55.050 chatroom_server_epoll.cpp:154 handleNewConnection: [0mNew client connected: 127.0.0.1:35116
[32m[INFO] 2025-07-05 21:22:55.050 chatroom_server_epoll.cpp:219 handleClientEvent: [0mReceived request: GET /users
[32m[INFO] 2025-07-05 21:22:55.050 chatroom_server_epoll.cpp:440 operator(): [0mUser list retrieved
[32m[INFO] 2025-07-05 21:22:55.050 chatroom_server_epoll.cpp:248 handleClientEvent: [0mSent response: application/json
[32m[INFO] 2025-07-05 21:22:55.050 chatroom_server_epoll.cpp:254 handleClientEvent: [0mClient disconnected: 7
[32m[INFO] 2025-07-05 21:22:55.051 chatroom_server_epoll.cpp:219 handleClientEvent: [0mReceived request: POST /messages
[32m[INFO] 2025-07-05 21:22:55.089 chatroom_server_epoll.cpp:423 operator(): [0mRetrieved messages for room: 123
[32m[INFO] 2025-07-05 21:22:55.089 chatroom_server_epoll.cpp:248 handleClientEvent: [0mSent response: application/json
[32m[INFO] 2025-07-05 21:22:55.089 chatroom_server_epoll.cpp:254 handleClientEvent: [0mClient disconnected: 8
[32m[INFO] 2025-07-05 21:23:00.051 chatroom_server_epoll.cpp:154 handleNewConnection: [0mNew client connected: 127.0.0.1:35124
[32m[INFO] 2025-07-05 21:23:00.051 chatroom_server_epoll.cpp:219 handleClientEvent: [0mReceived request: GET /rooms
[32m[INFO] 2025-07-05 21:23:00.052 chatroom_server_epoll.cpp:369 operator(): [0mRoom list retrieved
[32m[INFO] 2025-07-05 21:23:00.052 chatroom_server_epoll.cpp:248 handleClientEvent: [0mSent response: application/json
[32m[INFO] 2025-07-05 21:23:00.052 chatroom_server_epoll.cpp:254 handleClientEvent: [0mClient disconnected: 7
[32m[INFO] 2025-07-05 21:23:00.052 chatroom_server_epoll.cpp:154 handleNewConnection: [0mNew client connected: 127.0.0.1:35132
[32m[INFO] 2025-07-05 21:23:00.052 chatroom_server_epoll.cpp:154 handleNewConnection: [0mNew client connected: 127.0.0.1:35140
[32m[INFO] 2025-07-05 21:23:00.052 chatroom_server_epoll.cpp:219 handleClientEvent: [0mReceived request: GET /users
[32m[INFO] 2025-07-05 21:23:00.053 chatroom_server_epoll.cpp:440 operator(): [0mUser list retrieved
[32m[INFO] 2025-07-05 21:23:00.053 chatroom_server_epoll.cpp:248 handleClientEvent: [0mSent response: application/json
[32m[INFO] 2025-07-05 21:23:00.053 chatroom_server_epoll.cpp:254 handleClientEvent: [0mClient disconnected: 7
[32m[INFO] 2025-07-05 21:23:00.053 chatroom_server_epoll.cpp:219 handleClientEvent: [0mReceived request: POST /messages
[32m[INFO] 2025-07-05 21:23:00.062 chatroom_server_epoll.cpp:423 operator(): [0mRetrieved messages for room: 123
[32m[INFO] 2025-07-05 21:23:00.063 chatroom_server_epoll.cpp:248 handleClientEvent: [0mSent response: application/json
[32m[INFO] 2025-07-05 21:23:00.063 chatroom_server_epoll.cpp:254 handleClientEvent: [0mClient disconnected: 8
[32m[INFO] 2025-07-05 21:23:01.889 main.cpp:23 signalHandler: [0mReceived signal 2, shutting down...
[32m[INFO] 2025-07-05 21:23:01.889 chatroom_server_epoll.cpp:131 stop: [0mChatroom server stopped
[32m[INFO] 2025-07-05 21:23:01.889 main.cpp:73 main: [0mServer running. Press Ctrl+C to stop.
[32m[INFO] 2025-07-05 21:23:01.889 chatroom_server_epoll.cpp:131 stop: [0mChatroom server stopped
[32m[INFO] 2025-07-05 21:23:01.889 main.cpp:87 main: [0mServer shutdown complete
