[32m[INFO] 2025-07-05 21:25:34.835 main.cpp:48 main: [0mChatroomServer starting...
[32m[INFO] 2025-07-05 21:25:34.838 chatroom_server_epoll.cpp:112 ChatroomServerEpoll: [0mChatroom server initialized on port 8080
[32m[INFO] 2025-07-05 21:25:34.838 main.cpp:67 main: [0mServer listening on port 8080
[32m[INFO] 2025-07-05 21:25:35.674 chatroom_server_epoll.cpp:154 handleNewConnection: [0mNew client connected: 127.0.0.1:44260
[32m[INFO] 2025-07-05 21:25:35.674 chatroom_server_epoll.cpp:219 handleClientEvent: [0mReceived request: GET /rooms
[32m[INFO] 2025-07-05 21:25:35.675 chatroom_server_epoll.cpp:369 operator(): [0mRoom list retrieved
[32m[INFO] 2025-07-05 21:25:35.675 chatroom_server_epoll.cpp:248 handleClientEvent: [0mSent response: application/json
[32m[INFO] 2025-07-05 21:25:35.675 chatroom_server_epoll.cpp:254 handleClientEvent: [0mClient disconnected: 7
[32m[INFO] 2025-07-05 21:25:35.675 chatroom_server_epoll.cpp:154 handleNewConnection: [0mNew client connected: 127.0.0.1:44274
[32m[INFO] 2025-07-05 21:25:35.675 chatroom_server_epoll.cpp:154 handleNewConnection: [0mNew client connected: 127.0.0.1:44288
[32m[INFO] 2025-07-05 21:25:35.676 chatroom_server_epoll.cpp:219 handleClientEvent: [0mReceived request: GET /users
[32m[INFO] 2025-07-05 21:25:35.676 chatroom_server_epoll.cpp:440 operator(): [0mUser list retrieved
[32m[INFO] 2025-07-05 21:25:35.676 chatroom_server_epoll.cpp:248 handleClientEvent: [0mSent response: application/json
[32m[INFO] 2025-07-05 21:25:35.676 chatroom_server_epoll.cpp:254 handleClientEvent: [0mClient disconnected: 7
[32m[INFO] 2025-07-05 21:25:35.676 chatroom_server_epoll.cpp:219 handleClientEvent: [0mReceived request: POST /messages
[32m[INFO] 2025-07-05 21:25:35.685 chatroom_server_epoll.cpp:423 operator(): [0mRetrieved messages for room: 123
[32m[INFO] 2025-07-05 21:25:35.686 chatroom_server_epoll.cpp:248 handleClientEvent: [0mSent response: application/json
[32m[INFO] 2025-07-05 21:25:35.686 chatroom_server_epoll.cpp:254 handleClientEvent: [0mClient disconnected: 8
[32m[INFO] 2025-07-05 21:25:39.202 main.cpp:23 signalHandler: [0mReceived signal 2, shutting down...
[32m[INFO] 2025-07-05 21:25:39.202 chatroom_server_epoll.cpp:131 stop: [0mChatroom server stopped
[32m[INFO] 2025-07-05 21:25:39.202 main.cpp:73 main: [0mServer running. Press Ctrl+C to stop.
[32m[INFO] 2025-07-05 21:25:39.202 chatroom_server_epoll.cpp:131 stop: [0mChatroom server stopped
[32m[INFO] 2025-07-05 21:25:39.202 main.cpp:87 main: [0mServer shutdown complete
